[2m16:06:27[22m [31m[1m[vite][22m[39m [31m[2m(client)[22m[39m Pre-transform error: Failed to load url /src/data/scenes.js (resolved id: E:/SJ/Project-Recurrence/Anti-fraud/frontend/src/data/scenes.js) in E:/SJ/Project-Recurrence/Anti-fraud/frontend/src/App.vue. Does the file exist?
[2m16:06:27[22m [31m[1m[vite][22m[39m [31m[2m(client)[22m[39m Pre-transform error: Failed to load url /src/data/scenes.js (resolved id: E:/SJ/Project-Recurrence/Anti-fraud/frontend/src/data/scenes.js) in E:/SJ/Project-Recurrence/Anti-fraud/frontend/src/App.vue. Does the file exist?
[2m16:06:27[22m [31m[1m[vite][22m[39m [31m[2m(client)[22m[39m Pre-transform error: Failed to load url /src/data/scenes.js (resolved id: E:/SJ/Project-Recurrence/Anti-fraud/frontend/src/data/scenes.js) in E:/SJ/Project-Recurrence/Anti-fraud/frontend/src/App.vue. Does the file exist?
[2m16:06:27[22m [31m[1m[vite][22m[39m [31m[2m(client)[22m[39m Pre-transform error: Failed to load url /src/data/scenes.js (resolved id: E:/SJ/Project-Recurrence/Anti-fraud/frontend/src/data/scenes.js) in E:/SJ/Project-Recurrence/Anti-fraud/frontend/src/App.vue. Does the file exist?
[2m16:07:04[22m [31m[1m[vite][22m[39m [31m[2m(client)[22m[39m Pre-transform error: Failed to load url /src/data/scenes.js (resolved id: E:/SJ/Project-Recurrence/Anti-fraud/frontend/src/data/scenes.js) in E:/SJ/Project-Recurrence/Anti-fraud/frontend/src/App.vue. Does the file exist?
[2m16:07:04[22m [31m[1m[vite][22m[39m [31m[2m(client)[22m[39m Pre-transform error: Failed to load url /src/data/scenes.js (resolved id: E:/SJ/Project-Recurrence/Anti-fraud/frontend/src/data/scenes.js) in E:/SJ/Project-Recurrence/Anti-fraud/frontend/src/App.vue. Does the file exist?
[2m16:07:04[22m [31m[1m[vite][22m[39m [31m[2m(client)[22m[39m Pre-transform error: Failed to resolve import "../data/scenes" from "src/services/api.js". Does the file exist?
  Plugin: [35mvite:import-analysis[39m
  File: [36mE:/SJ/Project-Recurrence/Anti-fraud/frontend/src/services/api.js[39m:1:35
[33m  1  |  import { getScene, scenes } from '../data/scenes'
     |                                    ^
  2  |  import { loadHistory as loadLocalHistory } from '../utils/storage'
  3  |  [39m
[2m16:07:04[22m [31m[1m[vite][22m[39m [31m[2m(client)[22m[39m Pre-transform error: Failed to resolve import "../data/scenes" from "src/services/api.js". Does the file exist?
  Plugin: [35mvite:import-analysis[39m
  File: [36mE:/SJ/Project-Recurrence/Anti-fraud/frontend/src/services/api.js[39m:1:35
[33m  1  |  import { getScene, scenes } from '../data/scenes'
     |                                    ^
  2  |  import { loadHistory as loadLocalHistory } from '../utils/storage'
  3  |  [39m
[2m16:07:04[22m [31m[1m[vite][22m[39m [31mInternal server error: Failed to resolve import "../data/scenes" from "src/services/api.js". Does the file exist?[39m
  Plugin: [35mvite:import-analysis[39m
  File: [36mE:/SJ/Project-Recurrence/Anti-fraud/frontend/src/services/api.js[39m:1:35
[33m  1  |  import { getScene, scenes } from '../data/scenes'
     |                                    ^
  2  |  import { loadHistory as loadLocalHistory } from '../utils/storage'
  3  |  [39m
      at TransformPluginContext._formatLog (file:///E:/SJ/Project-Recurrence/Anti-fraud/frontend/node_modules/vite/dist/node/chunks/dep-Dm0c1Wj2.js:42658:41)
      at TransformPluginContext.error (file:///E:/SJ/Project-Recurrence/Anti-fraud/frontend/node_modules/vite/dist/node/chunks/dep-Dm0c1Wj2.js:42655:16)
      at normalizeUrl (file:///E:/SJ/Project-Recurrence/Anti-fraud/frontend/node_modules/vite/dist/node/chunks/dep-Dm0c1Wj2.js:40634:23)
      at async file:///E:/SJ/Project-Recurrence/Anti-fraud/frontend/node_modules/vite/dist/node/chunks/dep-Dm0c1Wj2.js:40753:37
      at async Promise.all (index 0)
      at async TransformPluginContext.transform (file:///E:/SJ/Project-Recurrence/Anti-fraud/frontend/node_modules/vite/dist/node/chunks/dep-Dm0c1Wj2.js:40680:7)
      at async EnvironmentPluginContainer.transform (file:///E:/SJ/Project-Recurrence/Anti-fraud/frontend/node_modules/vite/dist/node/chunks/dep-Dm0c1Wj2.js:42453:18)
      at async loadAndTransform (file:///E:/SJ/Project-Recurrence/Anti-fraud/frontend/node_modules/vite/dist/node/chunks/dep-Dm0c1Wj2.js:35845:27)
[2m16:07:04[22m [31m[1m[vite][22m[39m [31mInternal server error: Failed to resolve import "../data/scenes" from "src/services/api.js". Does the file exist?[39m
  Plugin: [35mvite:import-analysis[39m
  File: [36mE:/SJ/Project-Recurrence/Anti-fraud/frontend/src/services/api.js[39m:1:35
[33m  1  |  import { getScene, scenes } from '../data/scenes'
     |                                    ^
  2  |  import { loadHistory as loadLocalHistory } from '../utils/storage'
  3  |  [39m
      at TransformPluginContext._formatLog (file:///E:/SJ/Project-Recurrence/Anti-fraud/frontend/node_modules/vite/dist/node/chunks/dep-Dm0c1Wj2.js:42658:41)
      at TransformPluginContext.error (file:///E:/SJ/Project-Recurrence/Anti-fraud/frontend/node_modules/vite/dist/node/chunks/dep-Dm0c1Wj2.js:42655:16)
      at normalizeUrl (file:///E:/SJ/Project-Recurrence/Anti-fraud/frontend/node_modules/vite/dist/node/chunks/dep-Dm0c1Wj2.js:40634:23)
      at async file:///E:/SJ/Project-Recurrence/Anti-fraud/frontend/node_modules/vite/dist/node/chunks/dep-Dm0c1Wj2.js:40753:37
      at async Promise.all (index 0)
      at async TransformPluginContext.transform (file:///E:/SJ/Project-Recurrence/Anti-fraud/frontend/node_modules/vite/dist/node/chunks/dep-Dm0c1Wj2.js:40680:7)
      at async EnvironmentPluginContainer.transform (file:///E:/SJ/Project-Recurrence/Anti-fraud/frontend/node_modules/vite/dist/node/chunks/dep-Dm0c1Wj2.js:42453:18)
      at async loadAndTransform (file:///E:/SJ/Project-Recurrence/Anti-fraud/frontend/node_modules/vite/dist/node/chunks/dep-Dm0c1Wj2.js:35845:27)
[2m16:07:04[22m [31m[1m[vite][22m[39m [31m[2m(client)[22m[39m Pre-transform error: Failed to resolve import "../data/scenes" from "src/services/api.js". Does the file exist?
  Plugin: [35mvite:import-analysis[39m
  File: [36mE:/SJ/Project-Recurrence/Anti-fraud/frontend/src/services/api.js[39m:1:35
[33m  1  |  import { getScene, scenes } from '../data/scenes'
     |                                    ^
  2  |  import { loadHistory as loadLocalHistory } from '../utils/storage'
  3  |  [39m
[2m16:07:04[22m [31m[1m[vite][22m[39m [31mInternal server error: Failed to resolve import "../data/scenes" from "src/services/api.js". Does the file exist?[39m
  Plugin: [35mvite:import-analysis[39m
  File: [36mE:/SJ/Project-Recurrence/Anti-fraud/frontend/src/services/api.js[39m:1:35
[33m  1  |  import { getScene, scenes } from '../data/scenes'
     |                                    ^
  2  |  import { loadHistory as loadLocalHistory } from '../utils/storage'
  3  |  [39m
      at TransformPluginContext._formatLog (file:///E:/SJ/Project-Recurrence/Anti-fraud/frontend/node_modules/vite/dist/node/chunks/dep-Dm0c1Wj2.js:42658:41)
      at TransformPluginContext.error (file:///E:/SJ/Project-Recurrence/Anti-fraud/frontend/node_modules/vite/dist/node/chunks/dep-Dm0c1Wj2.js:42655:16)
      at normalizeUrl (file:///E:/SJ/Project-Recurrence/Anti-fraud/frontend/node_modules/vite/dist/node/chunks/dep-Dm0c1Wj2.js:40634:23)
      at async file:///E:/SJ/Project-Recurrence/Anti-fraud/frontend/node_modules/vite/dist/node/chunks/dep-Dm0c1Wj2.js:40753:37
      at async Promise.all (index 0)
      at async TransformPluginContext.transform (file:///E:/SJ/Project-Recurrence/Anti-fraud/frontend/node_modules/vite/dist/node/chunks/dep-Dm0c1Wj2.js:40680:7)
      at async EnvironmentPluginContainer.transform (file:///E:/SJ/Project-Recurrence/Anti-fraud/frontend/node_modules/vite/dist/node/chunks/dep-Dm0c1Wj2.js:42453:18)
      at async loadAndTransform (file:///E:/SJ/Project-Recurrence/Anti-fraud/frontend/node_modules/vite/dist/node/chunks/dep-Dm0c1Wj2.js:35845:27)
      at async viteTransformMiddleware (file:///E:/SJ/Project-Recurrence/Anti-fraud/frontend/node_modules/vite/dist/node/chunks/dep-Dm0c1Wj2.js:37369:24)
[2m16:07:04[22m [31m[1m[vite][22m[39m [31mInternal server error: Failed to resolve import "../data/scenes" from "src/services/api.js". Does the file exist?[39m
  Plugin: [35mvite:import-analysis[39m
  File: [36mE:/SJ/Project-Recurrence/Anti-fraud/frontend/src/services/api.js[39m:1:35
[33m  1  |  import { getScene, scenes } from '../data/scenes'
     |                                    ^
  2  |  import { loadHistory as loadLocalHistory } from '../utils/storage'
  3  |  [39m
      at TransformPluginContext._formatLog (file:///E:/SJ/Project-Recurrence/Anti-fraud/frontend/node_modules/vite/dist/node/chunks/dep-Dm0c1Wj2.js:42658:41)
      at TransformPluginContext.error (file:///E:/SJ/Project-Recurrence/Anti-fraud/frontend/node_modules/vite/dist/node/chunks/dep-Dm0c1Wj2.js:42655:16)
      at normalizeUrl (file:///E:/SJ/Project-Recurrence/Anti-fraud/frontend/node_modules/vite/dist/node/chunks/dep-Dm0c1Wj2.js:40634:23)
      at async file:///E:/SJ/Project-Recurrence/Anti-fraud/frontend/node_modules/vite/dist/node/chunks/dep-Dm0c1Wj2.js:40753:37
      at async Promise.all (index 0)
      at async TransformPluginContext.transform (file:///E:/SJ/Project-Recurrence/Anti-fraud/frontend/node_modules/vite/dist/node/chunks/dep-Dm0c1Wj2.js:40680:7)
      at async EnvironmentPluginContainer.transform (file:///E:/SJ/Project-Recurrence/Anti-fraud/frontend/node_modules/vite/dist/node/chunks/dep-Dm0c1Wj2.js:42453:18)
      at async loadAndTransform (file:///E:/SJ/Project-Recurrence/Anti-fraud/frontend/node_modules/vite/dist/node/chunks/dep-Dm0c1Wj2.js:35845:27)
      at async viteTransformMiddleware (file:///E:/SJ/Project-Recurrence/Anti-fraud/frontend/node_modules/vite/dist/node/chunks/dep-Dm0c1Wj2.js:37369:24)
[2m16:07:57[22m [31m[1m[vite][22m[39m [31m[2m(client)[22m[39m Pre-transform error: Failed to resolve import "../data/scenes" from "src/services/api.js". Does the file exist?
  Plugin: [35mvite:import-analysis[39m
  File: [36mE:/SJ/Project-Recurrence/Anti-fraud/frontend/src/services/api.js[39m:1:35
[33m  1  |  import { getScene, scenes } from '../data/scenes'
     |                                    ^
  2  |  import { loadHistory as loadLocalHistory } from '../utils/storage'
  3  |  [39m
